<?xml version="1.0" encoding="UTF-8"?>
<testng-results ignored="0" total="1" passed="1" failed="0" skipped="0">
  <reporter-output>
  </reporter-output>
  <suite started-at="2023-05-18T13:21:19 IST" name="Default suite" finished-at="2023-05-18T13:21:24 IST" duration-ms="5374">
    <groups>
    </groups>
    <test started-at="2023-05-18T13:21:19 IST" name="Default test" finished-at="2023-05-18T13:21:24 IST" duration-ms="5374">
      <class name="com.wiproOpenCart.LinkTextLocators">
        <test-method signature="LinksLoators()[pri:0, instance:com.wiproOpenCart.LinkTextLocators@65f095f8]" started-at="2023-05-18T13:21:19 IST" name="LinksLoators" finished-at="2023-05-18T13:21:24 IST" duration-ms="5341" status="PASS">
          <reporter-output>
          </reporter-output>
        </test-method> <!-- LinksLoators -->
      </class> <!-- com.wiproOpenCart.LinkTextLocators -->
    </test> <!-- Default test -->
  </suite> <!-- Default suite -->
</testng-results>
